FPS: 46.00
FPS: 72.00
FPS: 49.00
FPS: 33.00
FPS: 43.00
FPS: 43.00
FPS: 40.00
FPS: 47.00
FPS: 39.00
FPS: 40.00
FPS: 38.00
FPS: 46.00
FPS: 50.00
leaks Report Version: 4.0, multi-line stacks
Process 1125: 29079 nodes malloced for 2913661 KB
Process 1125: 63 leaks for 3104 total leaked bytes.

STACK OF 10 INSTANCES OF 'ROOT LEAK: <malloc in resize_string>':
9   dyld                                  0x1941b60e0 start + 2360
8   cube                                  0x104dbd7e8 main + 40  main_bonus.c:92
7   cube                                  0x104dbd740 init_all + 204  main_bonus.c:79
6   cube                                  0x104dbeefc set_map + 212  game_map.c:23
5   cube                                  0x104dbd964 map_renderer_init + 44  map.c:43
4   cube                                  0x104dbd924 map_to_tab + 44  map.c:35
3   cube                                  0x104dc2be0 read_and_store_map + 196  map_to_tab.c:79
2   cube                                  0x104dc2a20 store_map_line + 132  map_to_tab.c:46
1   cube                                  0x104dc2918 resize_string + 68  map_to_tab.c:33
0   libsystem_malloc.dylib                0x194378a68 _malloc_zone_malloc_instrumented_or_legacy + 148 
====
    10 (640 bytes) << TOTAL >>
      1 (64 bytes) ROOT LEAK: <malloc in resize_string 0x12a013570> [64]
      1 (64 bytes) ROOT LEAK: <malloc in resize_string 0x12a013ab0> [64]
      1 (64 bytes) ROOT LEAK: <malloc in resize_string 0x12a014180> [64]
      1 (64 bytes) ROOT LEAK: <malloc in resize_string 0x12a014460> [64]
      1 (64 bytes) ROOT LEAK: <malloc in resize_string 0x12a0147e0> [64]
      1 (64 bytes) ROOT LEAK: <malloc in resize_string 0x12a015970> [64]
      1 (64 bytes) ROOT LEAK: <malloc in resize_string 0x12a015b90> [64]
      1 (64 bytes) ROOT LEAK: <malloc in resize_string 0x12a015dd0> [64]
      1 (64 bytes) ROOT LEAK: <malloc in resize_string 0x12a02cb70> [64]
      1 (64 bytes) ROOT LEAK: <malloc in resize_string 0x12a02cbb0> [64]

STACK OF 14 INSTANCES OF 'ROOT LEAK: <malloc in ft_calloc>':
10  dyld                                  0x1941b60e0 start + 2360
9   cube                                  0x104dbd7e8 main + 40  main_bonus.c:92
8   cube                                  0x104dbd71c init_all + 168  main_bonus.c:78
7   cube                                  0x104dc105c check_textures + 88  textures_2.c:96
6   cube                                  0x104dc0f20 assign_textures + 40  textures_2.c:71
5   cube                                  0x104dc3d70 find_cardinal + 164  utils_2.c:66
4   cube                                  0x104dc57b0 get_next_line + 116
3   cube                                  0x104dc5998 gnl_get_line + 116
2   cube                                  0x104dc5bb8 ft_strndup + 36
1   cube                                  0x104dc4f9c ft_calloc + 36
0   libsystem_malloc.dylib                0x194378a68 _malloc_zone_malloc_instrumented_or_legacy + 148 
====
    14 (624 bytes) << TOTAL >>
      1 (64 bytes) ROOT LEAK: <malloc in ft_calloc 0x12a4049c0> [64]
      1 (64 bytes) ROOT LEAK: <malloc in ft_calloc 0x12a404ab0> [64]
      1 (64 bytes) ROOT LEAK: <malloc in ft_calloc 0x12a404ba0> [64]
      1 (48 bytes) ROOT LEAK: <malloc in ft_calloc 0x12a4048b0> [48]
      1 (48 bytes) ROOT LEAK: <malloc in ft_calloc 0x12a4048e0> [48]
      1 (48 bytes) ROOT LEAK: <malloc in ft_calloc 0x12a404910> [48]
      1 (48 bytes) ROOT LEAK: <malloc in ft_calloc 0x12a404960> [48]
      1 (48 bytes) ROOT LEAK: <malloc in ft_calloc 0x12a404990> [48]
      1 (48 bytes) ROOT LEAK: <malloc in ft_calloc 0x12a404a10> [48]
      1 (48 bytes) ROOT LEAK: <malloc in ft_calloc 0x12a404a50> [48]
      1 (48 bytes) ROOT LEAK: <malloc in ft_calloc 0x12a404a80> [48]
      1 (16 bytes) ROOT LEAK: <malloc in ft_calloc 0x12a404180> [16]
      1 (16 bytes) ROOT LEAK: <malloc in ft_calloc 0x12a404810> [16]
      1 (16 bytes) ROOT LEAK: <malloc in ft_calloc 0x12a404be0> [16]

STACK OF 1 INSTANCE OF 'ROOT LEAK: <malloc in init_map>':
4   dyld                                  0x1941b60e0 start + 2360
3   cube                                  0x104dbd7e8 main + 40  main_bonus.c:92
2   cube                                  0x104dbd6ac init_all + 56  main_bonus.c:75
1   cube                                  0x104dc3254 init_map + 84  init.c:28
0   libsystem_malloc.dylib                0x194378a68 _malloc_zone_malloc_instrumented_or_legacy + 148 
====
    9 (464 bytes) ROOT LEAK: <malloc in init_map 0x12a4045a0> [80]
       1 (64 bytes) <malloc in ft_calloc 0x12a404240> [64]
       1 (48 bytes) <malloc in allocate_rgb_mem 0x12a404b20> [48]
       1 (48 bytes) <malloc in allocate_rgb_mem 0x12a404b50> [48]
       1 (48 bytes) <malloc in ft_calloc 0x12a4047e0> [48]
       1 (48 bytes) <malloc in ft_calloc 0x12a404820> [48]
       1 (48 bytes) <malloc in ft_calloc 0x12a404850> [48]
       1 (48 bytes) <malloc in ft_calloc 0x12a404880> [48]
       1 (32 bytes) <malloc in ft_calloc 0x12a404bf0> [32]

STACK OF 9 INSTANCES OF 'ROOT LEAK: <malloc in ft_calloc>':
11  dyld                                  0x1941b60e0 start + 2360
10  cube                                  0x104dbd7e8 main + 40  main_bonus.c:92
9   cube                                  0x104dbd740 init_all + 204  main_bonus.c:79
8   cube                                  0x104dbeefc set_map + 212  game_map.c:23
7   cube                                  0x104dbd964 map_renderer_init + 44  map.c:43
6   cube                                  0x104dbd924 map_to_tab + 44  map.c:35
5   cube                                  0x104dc2b78 read_and_store_map + 92  map_to_tab.c:69
4   cube                                  0x104dc57b0 get_next_line + 116
3   cube                                  0x104dc5998 gnl_get_line + 116
2   cube                                  0x104dc5bb8 ft_strndup + 36
1   cube                                  0x104dc4f9c ft_calloc + 36
0   libsystem_malloc.dylib                0x194378a68 _malloc_zone_malloc_instrumented_or_legacy + 148 
====
    9 (336 bytes) << TOTAL >>
      1 (64 bytes) ROOT LEAK: <malloc in ft_calloc 0x12a013340> [64]
      1 (48 bytes) ROOT LEAK: <malloc in ft_calloc 0x12a010ff0> [48]
      1 (48 bytes) ROOT LEAK: <malloc in ft_calloc 0x12a0110b0> [48]
      1 (48 bytes) ROOT LEAK: <malloc in ft_calloc 0x12a0112e0> [48]
      1 (48 bytes) ROOT LEAK: <malloc in ft_calloc 0x12a011510> [48]
      1 (32 bytes) ROOT LEAK: <malloc in ft_calloc 0x12a013380> [32]
      1 (16 bytes) ROOT LEAK: <malloc in ft_calloc 0x12a006740> [16]
      1 (16 bytes) ROOT LEAK: <malloc in ft_calloc 0x12a0231f0> [16]
      1 (16 bytes) ROOT LEAK: <malloc in ft_calloc 0x12a02d100> [16]

STACK OF 7 INSTANCES OF 'ROOT LEAK: <malloc in ft_calloc>':
9   dyld                                  0x1941b60e0 start + 2360
8   cube                                  0x104dbd7e8 main + 40  main_bonus.c:92
7   cube                                  0x104dbd740 init_all + 204  main_bonus.c:79
6   cube                                  0x104dbee80 set_map + 88  game_map.c:20
5   cube                                  0x104dc1fb0 get_map_width + 100  map_dim.c:72
4   cube                                  0x104dc57b0 get_next_line + 116
3   cube                                  0x104dc5998 gnl_get_line + 116
2   cube                                  0x104dc5bb8 ft_strndup + 36
1   cube                                  0x104dc4f9c ft_calloc + 36
0   libsystem_malloc.dylib                0x194378a68 _malloc_zone_malloc_instrumented_or_legacy + 148 
====
    7 (304 bytes) << TOTAL >>
      1 (64 bytes) ROOT LEAK: <malloc in ft_calloc 0x12a0111f0> [64]
      1 (48 bytes) ROOT LEAK: <malloc in ft_calloc 0x12a010890> [48]
      1 (48 bytes) ROOT LEAK: <malloc in ft_calloc 0x12a010c50> [48]
      1 (48 bytes) ROOT LEAK: <malloc in ft_calloc 0x12a010d80> [48]
      1 (48 bytes) ROOT LEAK: <malloc in ft_calloc 0x12a010f30> [48]
      1 (32 bytes) ROOT LEAK: <malloc in ft_calloc 0x12a011230> [32]
      1 (16 bytes) ROOT LEAK: <malloc in ft_calloc 0x12a0104b0> [16]

STACK OF 1 INSTANCE OF 'ROOT LEAK: <malloc in init_textures>':
5   dyld                                  0x1941b60e0 start + 2360
4   cube                                  0x104dbd7e8 main + 40  main_bonus.c:92
3   cube                                  0x104dbd71c init_all + 168  main_bonus.c:78
2   cube                                  0x104dc1068 check_textures + 100  textures_2.c:96
1   cube                                  0x104dc06f8 init_textures + 28  textures.c:19
0   libsystem_malloc.dylib                0x194378a68 _malloc_zone_malloc_instrumented_or_legacy + 148 
====
    2 (288 bytes) ROOT LEAK: <malloc in init_textures 0x12a404b80> [32]
       1 (256 bytes) <malloc in init_textures 0x12a4045f0> [256]

STACK OF 1 INSTANCE OF 'ROOT LEAK: <malloc in init_ray_and_img>':
4   dyld                                  0x1941b60e0 start + 2360
3   cube                                  0x104dbd7e8 main + 40  main_bonus.c:92
2   cube                                  0x104dbd75c init_all + 232  main_bonus.c:82
1   cube                                  0x104dc32bc init_ray_and_img + 24  init.c:36
0   libsystem_malloc.dylib                0x194378a68 _malloc_zone_malloc_instrumented_or_legacy + 148 
====
    1 (128 bytes) ROOT LEAK: <malloc in init_ray_and_img 0x12a02cc60> [128]

STACK OF 1 INSTANCE OF 'ROOT LEAK: <malloc in allocate_mini_map>':
7   dyld                                  0x1941b60e0 start + 2360
6   cube                                  0x104dbd7e8 main + 40  main_bonus.c:92
5   cube                                  0x104dbd740 init_all + 204  main_bonus.c:79
4   cube                                  0x104dbeefc set_map + 212  game_map.c:23
3   cube                                  0x104dbd954 map_renderer_init + 28  map.c:42
2   cube                                  0x104dc2df4 map_init + 24  mini_map.c:59
1   cube                                  0x104dc2c54 allocate_mini_map + 56  mini_map.c:20
0   libsystem_malloc.dylib                0x194378a68 _malloc_zone_malloc_instrumented_or_legacy + 148 
====
    1 (112 bytes) ROOT LEAK: <malloc in allocate_mini_map 0x12a02c960> [112]

STACK OF 3 INSTANCES OF 'ROOT LEAK: <malloc in word_dup>':
10  dyld                                  0x1941b60e0 start + 2360
9   cube                                  0x104dbd7e8 main + 40  main_bonus.c:92
8   cube                                  0x104dbd71c init_all + 168  main_bonus.c:78
7   cube                                  0x104dc105c check_textures + 88  textures_2.c:96
6   cube                                  0x104dc0fd8 assign_textures + 224  textures_2.c:79
5   cube                                  0x104dc0ee0 init_texture_path + 260  textures_2.c:64
4   cube                                  0x104dc0cd8 final_check_textures + 56  textures_2.c:24
3   cube                                  0x104dc2698 split_to_rgb + 28  rgb.c:40
2   cube                                  0x104dc5180 ft_split + 344
1   cube                                  0x104dc5364 word_dup + 52
0   libsystem_malloc.dylib                0x194378a68 _malloc_zone_malloc_instrumented_or_legacy + 148 
====
    3 (48 bytes) << TOTAL >>
      1 (16 bytes) ROOT LEAK: <malloc in word_dup 0x12a404190> [16]
      1 (16 bytes) ROOT LEAK: <malloc in word_dup 0x12a4041a0> [16]
      1 (16 bytes) ROOT LEAK: <malloc in word_dup 0x12a404950> [16]

STACK OF 3 INSTANCES OF 'ROOT LEAK: <malloc in word_dup>':
10  dyld                                  0x1941b60e0 start + 2360
9   cube                                  0x104dbd7e8 main + 40  main_bonus.c:92
8   cube                                  0x104dbd71c init_all + 168  main_bonus.c:78
7   cube                                  0x104dc105c check_textures + 88  textures_2.c:96
6   cube                                  0x104dc0fd8 assign_textures + 224  textures_2.c:79
5   cube                                  0x104dc0eb0 init_texture_path + 212  textures_2.c:62
4   cube                                  0x104dc0cd8 final_check_textures + 56  textures_2.c:24
3   cube                                  0x104dc2698 split_to_rgb + 28  rgb.c:40
2   cube                                  0x104dc5180 ft_split + 344
1   cube                                  0x104dc5364 word_dup + 52
0   libsystem_malloc.dylib                0x194378a68 _malloc_zone_malloc_instrumented_or_legacy + 148 
====
    3 (48 bytes) << TOTAL >>
      1 (16 bytes) ROOT LEAK: <malloc in word_dup 0x12a404940> [16]
      1 (16 bytes) ROOT LEAK: <malloc in word_dup 0x12a404a00> [16]
      1 (16 bytes) ROOT LEAK: <malloc in word_dup 0x12a404a40> [16]

STACK OF 1 INSTANCE OF 'ROOT LEAK: <malloc in allocate_mem_player>':
8   dyld                                  0x1941b60e0 start + 2360
7   cube                                  0x104dbd7e8 main + 40  main_bonus.c:92
6   cube                                  0x104dbd740 init_all + 204  main_bonus.c:79
5   cube                                  0x104dbeefc set_map + 212  game_map.c:23
4   cube                                  0x104dbd974 map_renderer_init + 60  map.c:45
3   cube                                  0x104dc302c error_players + 64  player_utils.c:47
2   cube                                  0x104dc2e2c check_players + 36  player_utils.c:24
1   cube                                  0x104dc2f8c allocate_mem_player + 24  player_utils.c:68
0   libsystem_malloc.dylib                0x194378a68 _malloc_zone_malloc_instrumented_or_legacy + 148 
====
    1 (32 bytes) ROOT LEAK: <malloc in allocate_mem_player 0x12a015bd0> [32]

STACK OF 1 INSTANCE OF 'ROOT LEAK: <malloc in allocate_mem_player>':
7   dyld                                  0x1941b60e0 start + 2360
6   cube                                  0x104dbd7e8 main + 40  main_bonus.c:92
5   cube                                  0x104dbd740 init_all + 204  main_bonus.c:79
4   cube                                  0x104dbeefc set_map + 212  game_map.c:23
3   cube                                  0x104dbd96c map_renderer_init + 52  map.c:44
2   cube                                  0x104dc2e2c check_players + 36  player_utils.c:24
1   cube                                  0x104dc2f8c allocate_mem_player + 24  player_utils.c:68
0   libsystem_malloc.dylib                0x194378a68 _malloc_zone_malloc_instrumented_or_legacy + 148 
====
    1 (32 bytes) ROOT LEAK: <malloc in allocate_mem_player 0x12a014820> [32]

STACK OF 1 INSTANCE OF 'ROOT LEAK: <malloc in allocate_mem_player>':
8   dyld                                  0x1941b60e0 start + 2360
7   cube                                  0x104dbd7e8 main + 40  main_bonus.c:92
6   cube                                  0x104dbd740 init_all + 204  main_bonus.c:79
5   cube                                  0x104dbeefc set_map + 212  game_map.c:23
4   cube                                  0x104dbd974 map_renderer_init + 60  map.c:45
3   cube                                  0x104dc3004 error_players + 24  player_utils.c:45
2   cube                                  0x104dc2e2c check_players + 36  player_utils.c:24
1   cube                                  0x104dc2f8c allocate_mem_player + 24  player_utils.c:68
0   libsystem_malloc.dylib                0x194378a68 _malloc_zone_malloc_instrumented_or_legacy + 148 
====
    1 (32 bytes) ROOT LEAK: <malloc in allocate_mem_player 0x12a015e10> [32]

STACK OF 1 INSTANCE OF 'ROOT LEAK: <malloc in ft_calloc>':
11  dyld                                  0x1941b60e0 start + 2360
10  cube                                  0x104dbd7e8 main + 40  main_bonus.c:92
9   cube                                  0x104dbd740 init_all + 204  main_bonus.c:79
8   cube                                  0x104dbeefc set_map + 212  game_map.c:23
7   cube                                  0x104dbd964 map_renderer_init + 44  map.c:43
6   cube                                  0x104dbd924 map_to_tab + 44  map.c:35
5   cube                                  0x104dc2bf4 read_and_store_map + 216  map_to_tab.c:80
4   cube                                  0x104dc57b0 get_next_line + 116
3   cube                                  0x104dc5998 gnl_get_line + 116
2   cube                                  0x104dc5bb8 ft_strndup + 36
1   cube                                  0x104dc4f9c ft_calloc + 36
0   libsystem_malloc.dylib                0x194378a68 _malloc_zone_malloc_instrumented_or_legacy + 148 
====
    1 (16 bytes) ROOT LEAK: <malloc in ft_calloc 0x12a01e760> [16]

